

Version:	3.9
CmdLine:	E:\Projet Logiciel\acte\acte.exe --l4j-debug
WOW64:		yes
Working dir:	E:\Projet Logiciel\acte\.
Bundled JRE:	C:\Program Files\Java\jre7\bin
Check launcher:	C:\Program Files\Java\jre7\bin\bin\javaw.exe (not found)
Error msg:	This application was configured to use a bundled Java Runtime Environment but the runtime is missing or corrupted.


Version:	3.9
CmdLine:	E:\Projet Logiciel\acte\acte.exe --l4j-debug
WOW64:		yes
Working dir:	E:\Projet Logiciel\acte\.
Bundled JRE:	C:\Program Files\Java\jre7\bin
Check launcher:	C:\Program Files\Java\jre7\bin\bin\javaw.exe (not found)
Error msg:	This application was configured to use a bundled Java Runtime Environment but the runtime is missing or corrupted.


Version:	3.9
CmdLine:	E:\Projet Logiciel\acte\acte.exe --l4j-debug
WOW64:		yes
Working dir:	E:\Projet Logiciel\acte\.
Bundled JRE:	C:\Program Files\Java\jre7\bin
Check launcher:	C:\Program Files\Java\jre7\bin\bin\javaw.exe (not found)
Error msg:	This application was configured to use a bundled Java Runtime Environment but the runtime is missing or corrupted.


Version:	3.9
CmdLine:	E:\Projet Logiciel\acte\actes.exe --l4j-debug
WOW64:		yes
Working dir:	E:\Projet Logiciel\acte\.
Bundled JRE:	C:\Program Files (x86)\Java\jre1.8.0_251
Check launcher:	C:\Program Files (x86)\Java\jre1.8.0_251\bin\javaw.exe (OK)
Launcher:	C:\Program Files (x86)\Java\jre1.8.0_251\bin\javaw.exe
Launcher args:	-jar "E:\Projet Logiciel\acte\actes.exe"
Args length:	40/32768 chars
Exit code:	1


Version:	3.9
CmdLine:	E:\Projet Logiciel\acte\actes.exe --l4j-debug
WOW64:		yes
Working dir:	E:\Projet Logiciel\acte\.
Bundled JRE:	C:\Program Files (x86)\Java\jre1.8.0_251
Check launcher:	C:\Program Files (x86)\Java\jre1.8.0_251\bin\javaw.exe (OK)
Launcher:	C:\Program Files (x86)\Java\jre1.8.0_251\bin\javaw.exe
Launcher args:	-jar "E:\Projet Logiciel\acte\actes.exe"
Args length:	40/32768 chars
Exit code:	1


Version:	3.9
CmdLine:	E:\Projet Logiciel\acte\actes.exe --l4j-debug
WOW64:		yes
Working dir:	E:\Projet Logiciel\acte\.
Bundled JRE:	C:\Program Files (x86)\Java\jre1.8.0_251
Check launcher:	C:\Program Files (x86)\Java\jre1.8.0_251\bin\javaw.exe (OK)
Launcher:	C:\Program Files (x86)\Java\jre1.8.0_251\bin\javaw.exe
Launcher args:	-jar "E:\Projet Logiciel\acte\actes.exe"
Args length:	40/32768 chars
Exit code:	1


Version:	3.9
CmdLine:	E:\Projet Logiciel\acte\actes.exe --l4j-debug
WOW64:		yes
Working dir:	E:\Projet Logiciel\acte\.
Bundled JRE:	C:\Program Files (x86)\Java\jre1.8.0_251
Check launcher:	C:\Program Files (x86)\Java\jre1.8.0_251\bin\javaw.exe (OK)
Launcher:	C:\Program Files (x86)\Java\jre1.8.0_251\bin\javaw.exe
Launcher args:	-jar "E:\Projet Logiciel\acte\actes.exe"
Args length:	40/32768 chars
Exit code:	1


Version:	3.9
CmdLine:	E:\Projet Logiciel\acte\actes.exe --l4j-debug
WOW64:		yes
Working dir:	E:\Projet Logiciel\acte\.
Bundled JRE:	C:\Program Files (x86)\Java\jre1.8.0_251
Check launcher:	C:\Program Files (x86)\Java\jre1.8.0_251\bin\javaw.exe (OK)
Launcher:	C:\Program Files (x86)\Java\jre1.8.0_251\bin\javaw.exe
Launcher args:	-jar "E:\Projet Logiciel\acte\actes.exe"
Args length:	40/32768 chars
Exit code:	1
